{
  "RSpec": {
    "coverage": {
      "/Users/Sara/Projects/MAKERS/4. Bookmark mgr/bookmark-manager 2/spec/bookmarks_spec.rb": [
        1,
        null,
        1,
        null,
        null,
        1,
        1,
        1,
        1,
        1,
        1,
        1,
        1,
        1,
        1,
        null,
        null,
        null,
        1,
        1,
        1,
        null,
        1,
        null,
        null,
        null,
        null
      ],
      "/Users/Sara/Projects/MAKERS/4. Bookmark mgr/bookmark-manager 2/spec/features/add_bookmark_spec.rb": [
        1,
        null,
        1,
        1,
        1,
        null,
        null,
        1,
        1,
        1,
        1,
        1,
        null,
        null,
        null,
        null,
        null
      ],
      "/Users/Sara/Projects/MAKERS/4. Bookmark mgr/bookmark-manager 2/spec/features/setup_test_spec.rb": [
        1,
        1,
        1,
        1,
        null,
        null
      ],
      "/Users/Sara/Projects/MAKERS/4. Bookmark mgr/bookmark-manager 2/spec/features/view_bookmarks_spec.rb": [
        1,
        1,
        null,
        1,
        1,
        1,
        null,
        1,
        1,
        1,
        1,
        1,
        null,
        null
      ]
    },
    "timestamp": 1573054507
  }
}
