{
  "RSpec": {
    "coverage": {
      "/Users/amybalmforth/Projects/makers/week4/bookmark_manager/spec/bookmarks_spec.rb": [
        1,
        null,
        1,
        null,
        null,
        1,
        1,
        1,
        1,
        1,
        1,
        1,
        1,
        1,
        1,
        null,
        null,
        null
      ],
      "/Users/amybalmforth/Projects/makers/week4/bookmark_manager/spec/features/setup_test_spec.rb": [
        1,
        1,
        1,
        1,
        null,
        null
      ],
      "/Users/amybalmforth/Projects/makers/week4/bookmark_manager/spec/features/view_bookmarks_spec.rb": [
        1,
        1,
        null,
        1,
        null,
        1,
        1,
        1,
        null,
        1,
        1,
        1,
        1,
        1,
        null,
        null
      ]
    },
    "timestamp": 1573046104
  }
}
